<?xml version="1.0" encoding="UTF-8"?>
<!-- Generated by org.testng.reporters.JUnitXMLReporter -->
<testsuite ignored="0" hostname="DESKTOP-JJ8PCSV" failures="0" tests="15" name="Test" time="55.433" errors="0" timestamp="2023-03-09T07:06:40 IST">
  <testcase classname="carrentaltests.Pr03Login" name="loginUser1" time="5.941"/>
  <testcase classname="carrentaltests.Pr03Login" name="loginUser2" time="4.668"/>
  <testcase classname="carrentaltests.Pr03Login" name="loginUser3" time="4.607"/>
  <testcase classname="carrentaltests.Pr03Login" name="loginUser4" time="4.507"/>
  <testcase classname="carrentaltests.Pr02NavigationBarCheckWithPOM" name="checkNavigationBarLinks" time="3.079"/>
  <testcase classname="carrentaltests.Pr02NavigationBarCheckWithPOM" name="searchAudi" time="3.592"/>
  <testcase classname="carrentaltests.Pr02NavigationBarCheckWithPOM" name="searchBMW" time="3.555"/>
  <testcase classname="carrentaltests.Pr02NavigationBarCheckWithPOM" name="searchMaruthi" time="3.199"/>
  <testcase classname="carrentaltests.Pr02NavigationBarCheckWithPOM" name="searchNissan" time="3.652"/>
  <testcase classname="carrentaltests.Pr02NavigationBarCheckWithPOM" name="searchToyota" time="3.262"/>
  <testcase classname="carrentaltests.Pr01VerifyPages" name="verifyAboutUsPage" time="2.964"/>
  <testcase classname="carrentaltests.Pr01VerifyPages" name="verifyCarListingPage" time="3.17"/>
  <testcase classname="carrentaltests.Pr01VerifyPages" name="verifyContactUsPage" time="3.054"/>
  <testcase classname="carrentaltests.Pr01VerifyPages" name="verifyFAQsPage" time="2.929"/>
  <testcase classname="carrentaltests.Pr01VerifyPages" name="verifyHomePage" time="3.122"/>
</testsuite> <!-- Test -->
