<?xml version="1.0" encoding="UTF-8"?>
<!-- Generated by org.testng.reporters.JUnitXMLReporter -->
<testsuite ignored="0" hostname="DESKTOP-JJ8PCSV" failures="0" tests="15" name="Test" time="57.474" errors="0" timestamp="2023-03-09T07:14:36 IST">
  <testcase classname="carrentaltests.Pr03Login" name="loginUser1" time="7.717"/>
  <testcase classname="carrentaltests.Pr03Login" name="loginUser2" time="5.278"/>
  <testcase classname="carrentaltests.Pr03Login" name="loginUser3" time="4.342"/>
  <testcase classname="carrentaltests.Pr03Login" name="loginUser4" time="4.609"/>
  <testcase classname="carrentaltests.Pr02NavigationBarCheckWithPOM" name="checkNavigationBarLinks" time="3.283"/>
  <testcase classname="carrentaltests.Pr02NavigationBarCheckWithPOM" name="searchAudi" time="3.52"/>
  <testcase classname="carrentaltests.Pr02NavigationBarCheckWithPOM" name="searchBMW" time="3.512"/>
  <testcase classname="carrentaltests.Pr02NavigationBarCheckWithPOM" name="searchMaruthi" time="3.444"/>
  <testcase classname="carrentaltests.Pr02NavigationBarCheckWithPOM" name="searchNissan" time="3.311"/>
  <testcase classname="carrentaltests.Pr02NavigationBarCheckWithPOM" name="searchToyota" time="3.295"/>
  <testcase classname="carrentaltests.Pr01VerifyPages" name="verifyAboutUsPage" time="3.04"/>
  <testcase classname="carrentaltests.Pr01VerifyPages" name="verifyCarListingPage" time="3.059"/>
  <testcase classname="carrentaltests.Pr01VerifyPages" name="verifyContactUsPage" time="2.965"/>
  <testcase classname="carrentaltests.Pr01VerifyPages" name="verifyFAQsPage" time="3.055"/>
  <testcase classname="carrentaltests.Pr01VerifyPages" name="verifyHomePage" time="2.863"/>
</testsuite> <!-- Test -->
