<?xml version="1.0" encoding="UTF-8"?>
<testng-results ignored="0" total="15" passed="15" failed="0" skipped="0">
  <reporter-output>
  </reporter-output>
  <suite started-at="2023-03-09T07:05:45 IST" name="Suite" finished-at="2023-03-09T07:06:40 IST" duration-ms="55433">
    <groups>
    </groups>
    <test started-at="2023-03-09T07:05:45 IST" name="Test" finished-at="2023-03-09T07:06:40 IST" duration-ms="55433">
      <class name="carrentaltests.Pr02NavigationBarCheckWithPOM">
        <test-method signature="checkNavigationBarLinks()[pri:0, instance:carrentaltests.Pr02NavigationBarCheckWithPOM@1a4013]" started-at="2023-03-09T07:06:05 IST" name="checkNavigationBarLinks" finished-at="2023-03-09T07:06:08 IST" duration-ms="3079" status="PASS">
          <reporter-output>
          </reporter-output>
        </test-method> <!-- checkNavigationBarLinks -->
        <test-method signature="searchAudi()[pri:0, instance:carrentaltests.Pr02NavigationBarCheckWithPOM@1a4013]" started-at="2023-03-09T07:06:08 IST" name="searchAudi" finished-at="2023-03-09T07:06:11 IST" duration-ms="3592" status="PASS">
          <reporter-output>
          </reporter-output>
        </test-method> <!-- searchAudi -->
        <test-method signature="searchBMW()[pri:0, instance:carrentaltests.Pr02NavigationBarCheckWithPOM@1a4013]" started-at="2023-03-09T07:06:11 IST" name="searchBMW" finished-at="2023-03-09T07:06:15 IST" duration-ms="3555" status="PASS">
          <reporter-output>
          </reporter-output>
        </test-method> <!-- searchBMW -->
        <test-method signature="searchMaruthi()[pri:0, instance:carrentaltests.Pr02NavigationBarCheckWithPOM@1a4013]" started-at="2023-03-09T07:06:15 IST" name="searchMaruthi" finished-at="2023-03-09T07:06:18 IST" duration-ms="3199" status="PASS">
          <reporter-output>
          </reporter-output>
        </test-method> <!-- searchMaruthi -->
        <test-method signature="searchNissan()[pri:0, instance:carrentaltests.Pr02NavigationBarCheckWithPOM@1a4013]" started-at="2023-03-09T07:06:18 IST" name="searchNissan" finished-at="2023-03-09T07:06:22 IST" duration-ms="3652" status="PASS">
          <reporter-output>
          </reporter-output>
        </test-method> <!-- searchNissan -->
        <test-method signature="searchToyota()[pri:0, instance:carrentaltests.Pr02NavigationBarCheckWithPOM@1a4013]" started-at="2023-03-09T07:06:22 IST" name="searchToyota" finished-at="2023-03-09T07:06:25 IST" duration-ms="3262" status="PASS">
          <reporter-output>
          </reporter-output>
        </test-method> <!-- searchToyota -->
      </class> <!-- carrentaltests.Pr02NavigationBarCheckWithPOM -->
      <class name="carrentaltests.Pr01VerifyPages">
        <test-method signature="verifyAboutUsPage()[pri:0, instance:carrentaltests.Pr01VerifyPages@1b6e1eff]" started-at="2023-03-09T07:06:25 IST" name="verifyAboutUsPage" finished-at="2023-03-09T07:06:28 IST" duration-ms="2964" status="PASS">
          <reporter-output>
          </reporter-output>
        </test-method> <!-- verifyAboutUsPage -->
        <test-method signature="verifyCarListingPage()[pri:0, instance:carrentaltests.Pr01VerifyPages@1b6e1eff]" started-at="2023-03-09T07:06:28 IST" name="verifyCarListingPage" finished-at="2023-03-09T07:06:31 IST" duration-ms="3170" status="PASS">
          <reporter-output>
          </reporter-output>
        </test-method> <!-- verifyCarListingPage -->
        <test-method signature="verifyContactUsPage()[pri:0, instance:carrentaltests.Pr01VerifyPages@1b6e1eff]" started-at="2023-03-09T07:06:31 IST" name="verifyContactUsPage" finished-at="2023-03-09T07:06:34 IST" duration-ms="3054" status="PASS">
          <reporter-output>
          </reporter-output>
        </test-method> <!-- verifyContactUsPage -->
        <test-method signature="verifyFAQsPage()[pri:0, instance:carrentaltests.Pr01VerifyPages@1b6e1eff]" started-at="2023-03-09T07:06:34 IST" name="verifyFAQsPage" finished-at="2023-03-09T07:06:37 IST" duration-ms="2929" status="PASS">
          <reporter-output>
          </reporter-output>
        </test-method> <!-- verifyFAQsPage -->
        <test-method signature="verifyHomePage()[pri:0, instance:carrentaltests.Pr01VerifyPages@1b6e1eff]" started-at="2023-03-09T07:06:37 IST" name="verifyHomePage" finished-at="2023-03-09T07:06:40 IST" duration-ms="3122" status="PASS">
          <reporter-output>
          </reporter-output>
        </test-method> <!-- verifyHomePage -->
      </class> <!-- carrentaltests.Pr01VerifyPages -->
      <class name="carrentaltests.Pr03Login">
        <test-method signature="loginUser1()[pri:0, instance:carrentaltests.Pr03Login@1eb5174b]" started-at="2023-03-09T07:05:45 IST" name="loginUser1" finished-at="2023-03-09T07:05:51 IST" duration-ms="5941" status="PASS">
          <reporter-output>
          </reporter-output>
        </test-method> <!-- loginUser1 -->
        <test-method signature="loginUser2()[pri:0, instance:carrentaltests.Pr03Login@1eb5174b]" started-at="2023-03-09T07:05:51 IST" name="loginUser2" finished-at="2023-03-09T07:05:56 IST" duration-ms="4668" status="PASS">
          <reporter-output>
          </reporter-output>
        </test-method> <!-- loginUser2 -->
        <test-method signature="loginUser3()[pri:0, instance:carrentaltests.Pr03Login@1eb5174b]" started-at="2023-03-09T07:05:56 IST" name="loginUser3" finished-at="2023-03-09T07:06:00 IST" duration-ms="4607" status="PASS">
          <reporter-output>
          </reporter-output>
        </test-method> <!-- loginUser3 -->
        <test-method signature="loginUser4()[pri:0, instance:carrentaltests.Pr03Login@1eb5174b]" started-at="2023-03-09T07:06:00 IST" name="loginUser4" finished-at="2023-03-09T07:06:05 IST" duration-ms="4507" status="PASS">
          <reporter-output>
          </reporter-output>
        </test-method> <!-- loginUser4 -->
      </class> <!-- carrentaltests.Pr03Login -->
    </test> <!-- Test -->
  </suite> <!-- Suite -->
</testng-results>
